# JRE version: Java(TM) SE Runtime Environment (18.0.2+9) (build 18.0.2+9-61)
# Java VM: Java HotSpot(TM) 64-Bit Server VM (18.0.2+9-61, mixed mode, sharing, tiered, compressed oops, compressed class ptrs, g1 gc, windows-amd64)
GC Precious Log:
 CardTable entry size: 512
 Card Set container configuration: InlinePtr #cards 4 size 8 Array Of Cards #cards 16 size 48 Howl #buckets 8 coarsen threshold 3686 Howl Bitmap #cards 512 size 80 coarsen threshold 460 Card regions per heap region 1 cards per card region 4096
 CPUs: 8 total, 8 available
 Memory: 16221M
 Large Page Support: Disabled
 NUMA Support: Disabled
 Compressed Oops: Enabled (Zero based)
 Heap Region Size: 2M
 Heap Min Capacity: 8M
 Heap Initial Capacity: 254M
 Heap Max Capacity: 4056M
 Pre-touch: Disabled
 Parallel Workers: 8
 Concurrent Workers: 2
 Concurrent Refinement Workers: 8
 Periodic GC: Disabled
Heap:
 garbage-first heap   total 102400K, used 81233K [0x0000000702800000, 0x0000000800000000)
  region size 2048K, 23 young (47104K), 1 survivors (2048K)
 Metaspace       used 89610K, committed 90688K, reserved 1179648K
  class space    used 9968K, committed 10496K, reserved 1048576K
GC Heap History (20 events):
Event: 5098.485 GC heap after
{Heap after GC invocations=151 (full 40):
 garbage-first heap   total 102400K, used 35326K [0x0000000702800000, 0x0000000800000000)
  region size 2048K, 2 young (4096K), 2 survivors (4096K)
 Metaspace       used 87899K, committed 88960K, reserved 1179648K
  class space    used 9858K, committed 10368K, reserved 1048576K
}
Event: 5107.214 GC heap before
{Heap before GC invocations=151 (full 40):
 garbage-first heap   total 102400K, used 61950K [0x0000000702800000, 0x0000000800000000)
  region size 2048K, 16 young (32768K), 2 survivors (4096K)
 Metaspace       used 87961K, committed 89024K, reserved 1179648K
  class space    used 9862K, committed 10368K, reserved 1048576K
}
Event: 5107.269 GC heap after
{Heap after GC invocations=152 (full 41):
 garbage-first heap   total 102400K, used 32151K [0x0000000702800000, 0x0000000800000000)
  region size 2048K, 0 young (0K), 0 survivors (0K)
 Metaspace       used 87952K, committed 89024K, reserved 1179648K
  class space    used 9861K, committed 10368K, reserved 1048576K
}
Event: 5107.666 GC heap before
{Heap before GC invocations=152 (full 41):
 garbage-first heap   total 102400K, used 79255K [0x0000000702800000, 0x0000000800000000)
  region size 2048K, 24 young (49152K), 0 survivors (0K)
 Metaspace       used 88251K, committed 89344K, reserved 1179648K
  class space    used 9884K, committed 10368K, reserved 1048576K
}
Event: 5107.668 GC heap after
{Heap after GC invocations=153 (full 41):
 garbage-first heap   total 102400K, used 35812K [0x0000000702800000, 0x0000000800000000)
  region size 2048K, 2 young (4096K), 2 survivors (4096K)
 Metaspace       used 88251K, committed 89344K, reserved 1179648K
  class space    used 9884K, committed 10368K, reserved 1048576K
}
Event: 5152.303 GC heap before
{Heap before GC invocations=153 (full 41):
 garbage-first heap   total 102400K, used 76772K [0x0000000702800000, 0x0000000800000000)
  region size 2048K, 23 young (47104K), 2 survivors (4096K)
 Metaspace       used 88603K, committed 89728K, reserved 1179648K
  class space    used 9903K, committed 10368K, reserved 1048576K
}
Event: 5152.357 GC heap after
{Heap after GC invocations=154 (full 42):
 garbage-first heap   total 102400K, used 32372K [0x0000000702800000, 0x0000000800000000)
  region size 2048K, 0 young (0K), 0 survivors (0K)
 Metaspace       used 88594K, committed 89728K, reserved 1179648K
  class space    used 9901K, committed 10368K, reserved 1048576K
}
Event: 5152.761 GC heap before
{Heap before GC invocations=154 (full 42):
 garbage-first heap   total 102400K, used 79476K [0x0000000702800000, 0x0000000800000000)
  region size 2048K, 23 young (47104K), 0 survivors (0K)
 Metaspace       used 88907K, committed 90048K, reserved 1179648K
  class space    used 9924K, committed 10432K, reserved 1048576K
}
Event: 5152.764 GC heap after
{Heap after GC invocations=155 (full 42):
 garbage-first heap   total 102400K, used 36019K [0x0000000702800000, 0x0000000800000000)
  region size 2048K, 2 young (4096K), 2 survivors (4096K)
 Metaspace       used 88907K, committed 90048K, reserved 1179648K
  class space    used 9924K, committed 10432K, reserved 1048576K
}
Event: 5154.408 GC heap before
{Heap before GC invocations=155 (full 42):
 garbage-first heap   total 102400K, used 64691K [0x0000000702800000, 0x0000000800000000)
  region size 2048K, 17 young (34816K), 2 survivors (4096K)
 Metaspace       used 89140K, committed 90240K, reserved 1179648K
  class space    used 9931K, committed 10432K, reserved 1048576K
}
Event: 5154.463 GC heap after
{Heap after GC invocations=156 (full 43):
 garbage-first heap   total 102400K, used 32599K [0x0000000702800000, 0x0000000800000000)
  region size 2048K, 0 young (0K), 0 survivors (0K)
 Metaspace       used 89131K, committed 90240K, reserved 1179648K
  class space    used 9929K, committed 10432K, reserved 1048576K
}
Event: 5154.813 GC heap before
{Heap before GC invocations=156 (full 43):
 garbage-first heap   total 102400K, used 75607K [0x0000000702800000, 0x0000000800000000)
  region size 2048K, 22 young (45056K), 0 survivors (0K)
 Metaspace       used 89380K, committed 90432K, reserved 1179648K
  class space    used 9949K, committed 10432K, reserved 1048576K
}
Event: 5154.816 GC heap after
{Heap after GC invocations=157 (full 43):
 garbage-first heap   total 102400K, used 36282K [0x0000000702800000, 0x0000000800000000)
  region size 2048K, 2 young (4096K), 2 survivors (4096K)
 Metaspace       used 89380K, committed 90432K, reserved 1179648K
  class space    used 9949K, committed 10432K, reserved 1048576K
}
Event: 5197.756 GC heap before
{Heap before GC invocations=157 (full 43):
 garbage-first heap   total 102400K, used 79290K [0x0000000702800000, 0x0000000800000000)
  region size 2048K, 23 young (47104K), 2 survivors (4096K)
 Metaspace       used 89467K, committed 90560K, reserved 1179648K
  class space    used 9955K, committed 10496K, reserved 1048576K
}
Event: 5197.759 GC heap after
{Heap after GC invocations=158 (full 43):
 garbage-first heap   total 102400K, used 36941K [0x0000000702800000, 0x0000000800000000)
  region size 2048K, 1 young (2048K), 1 survivors (2048K)
 Metaspace       used 89467K, committed 90560K, reserved 1179648K
  class space    used 9955K, committed 10496K, reserved 1048576K
}
Event: 5216.879 GC heap before
{Heap before GC invocations=158 (full 43):
 garbage-first heap   total 102400K, used 43085K [0x0000000702800000, 0x0000000800000000)
  region size 2048K, 5 young (10240K), 1 survivors (2048K)
 Metaspace       used 89471K, committed 90560K, reserved 1179648K
  class space    used 9956K, committed 10496K, reserved 1048576K
}
Event: 5216.933 GC heap after
{Heap after GC invocations=159 (full 44):
 garbage-first heap   total 102400K, used 32765K [0x0000000702800000, 0x0000000800000000)
  region size 2048K, 0 young (0K), 0 survivors (0K)
 Metaspace       used 89461K, committed 90560K, reserved 1179648K
  class space    used 9954K, committed 10496K, reserved 1048576K
}
Event: 5220.267 GC heap before
{Heap before GC invocations=159 (full 44):
 garbage-first heap   total 102400K, used 79869K [0x0000000702800000, 0x0000000800000000)
  region size 2048K, 23 young (47104K), 0 survivors (0K)
 Metaspace       used 89595K, committed 90688K, reserved 1179648K
  class space    used 9966K, committed 10496K, reserved 1048576K
}
Event: 5220.269 GC heap after
{Heap after GC invocations=160 (full 44):
 garbage-first heap   total 102400K, used 36177K [0x0000000702800000, 0x0000000800000000)
  region size 2048K, 2 young (4096K), 2 survivors (4096K)
 Metaspace       used 89595K, committed 90688K, reserved 1179648K
  class space    used 9966K, committed 10496K, reserved 1048576K
}
Event: 5365.759 GC heap before
{Heap before GC invocations=160 (full 44):
 garbage-first heap   total 102400K, used 81233K [0x0000000702800000, 0x0000000800000000)
  region size 2048K, 24 young (49152K), 2 survivors (4096K)
 Metaspace       used 89610K, committed 90688K, reserved 1179648K
  class space    used 9968K, committed 10496K, reserved 1048576K
}

